2023-08-26 21:38:01 DEBUG Server:57 - Вы не ввели файл в котором лежит коллекция!
2023-08-26 21:42:38 DEBUG Server:57 - Вы не ввели файл в котором лежит коллекция!
2023-08-26 21:43:40 INFO  Server:44 - Соединение открыто
2023-08-29 20:02:23 INFO  Server:44 - Соединение открыто
2023-08-29 20:07:59 INFO  Server:44 - Соединение открыто
2023-08-29 20:08:07 INFO  Server:44 - Соединение открыто
2023-08-29 20:08:25 INFO  Server:44 - Соединение открыто
2023-08-29 21:04:49 INFO  Server:44 - Соединение открыто
2023-08-29 21:07:11 INFO  Server:44 - Соединение открыто
2023-08-29 21:52:33 INFO  Server:44 - Соединение открыто
2023-08-29 22:02:36 INFO  Server:44 - Соединение открыто
2023-09-04 14:59:26 INFO  Server:44 - Соединение открыто
2023-09-04 15:00:46 INFO  Server:44 - Соединение открыто
2023-09-04 15:04:01 INFO  Server:44 - Соединение открыто
2023-09-04 20:11:35 INFO  Server:44 - Соединение открыто
2023-09-04 20:12:49 INFO  Server:44 - Соединение открыто
2023-09-04 20:34:34 INFO  Server:46 - Соединение открыто
2023-09-04 20:34:55 INFO  Server:54 - infonull
2023-09-04 20:34:57 INFO  Server:54 - shownull
2023-09-04 20:35:18 INFO  Server:54 - insert3
------------
Id: null
Name: ds
Coordinates: X = 1 and Y = 1.0
Date time: Mon Sep 04 20:35:18 MSK 2023
Area: 1
Population: 1
Meters above sea level: 1
Agglomeration: 1.0
Climate: TUNDRA
Standard of living: LOW
Governor: da
2023-09-04 20:35:32 INFO  Server:54 - infonull
2023-09-04 20:35:36 INFO  Server:54 - shownull
2023-09-04 20:35:50 INFO  Server:54 - insert2
------------
Id: null
Name: dsa
Coordinates: X = 1 and Y = 1.0
Date time: Mon Sep 04 20:35:50 MSK 2023
Area: 1
Population: 1
Meters above sea level: 1
Agglomeration: 1.0
Climate: TUNDRA
Standard of living: LOW
Governor: da
2023-09-04 20:41:44 INFO  Server:46 - Соединение открыто
2023-09-04 20:41:51 INFO  Server:57 - infonull
2023-09-04 20:42:25 INFO  Server:46 - Соединение открыто
2023-09-04 20:42:34 INFO  Server:57 - infonull
2023-09-04 20:43:01 INFO  Server:46 - Соединение открыто
2023-09-04 20:43:36 INFO  Server:46 - Соединение открыто
2023-09-04 20:43:45 INFO  Server:57 - infpnull
2023-09-04 20:43:56 INFO  Server:57 - infonull
2023-09-04 20:44:43 INFO  Server:46 - Соединение открыто
2023-09-04 20:44:52 INFO  Server:57 - infonull
2023-09-04 20:49:14 INFO  Server:46 - Соединение открыто
2023-09-04 20:49:20 INFO  Server:57 - info
2023-09-04 20:49:27 INFO  Server:57 - show
2023-09-04 20:49:48 INFO  Server:55 - insert3
------------
Id: null
Name: dsa
Coordinates: X = 1 and Y = 1.0
Date time: Mon Sep 04 20:49:48 MSK 2023
Area: 1
Population: 1
Meters above sea level: 1
Agglomeration: 1.0
Climate: TUNDRA
Standard of living: LOW
Governor: da
2023-09-04 20:50:29 INFO  Server:57 - execute_script
2023-09-04 20:51:04 INFO  Server:57 - execute_script
2023-09-04 20:51:43 INFO  Server:57 - info
2023-09-04 20:51:53 INFO  Server:57 - execute_script
2023-09-04 20:52:14 INFO  Server:46 - Соединение открыто
2023-09-04 20:52:22 INFO  Server:57 - info
2023-09-04 20:52:32 INFO  Server:55 - update1
------------
Id: null
Name: sa
Coordinates: X = 1 and Y = 1.0
Date time: Mon Sep 04 20:52:32 MSK 2023
Area: 1
Population: 1
Meters above sea level: 1
Agglomeration: 11.0
Climate: TUNDRA
Standard of living: LOW
Governor: as
2023-09-04 20:52:52 INFO  Server:55 - update244
------------
Id: null
Name: as
Coordinates: X = 1 and Y = 1.0
Date time: Mon Sep 04 20:52:52 MSK 2023
Area: 1
Population: 11
Meters above sea level: 1
Agglomeration: 1.0
Climate: TUNDRA
Standard of living: LOW
Governor: sa
2023-09-04 20:53:03 INFO  Server:57 - show
2023-09-04 20:53:28 INFO  Server:55 - update10000
------------
Id: null
Name: sd
Coordinates: X = 1 and Y = 1.0
Date time: Mon Sep 04 20:53:28 MSK 2023
Area: 1
Population: 1
Meters above sea level: 1
Agglomeration: 1.0
Climate: TUNDRA
Standard of living: LOW
Governor: da
2023-09-04 20:53:48 INFO  Server:57 - remove_key
2023-09-04 20:54:52 INFO  Server:46 - Соединение открыто
2023-09-04 20:55:00 INFO  Server:57 - info
2023-09-04 20:55:11 INFO  Server:55 - insert1
------------
Id: null
Name: dsa
Coordinates: X = 1 and Y = 1.0
Date time: Mon Sep 04 20:55:11 MSK 2023
Area: 1
Population: 1
Meters above sea level: 1
Agglomeration: 1.0
Climate: TUNDRA
Standard of living: LOW
Governor: sa
2023-09-04 20:55:18 INFO  Server:57 - info
2023-09-04 20:55:20 INFO  Server:57 - show
2023-09-04 20:56:08 INFO  Server:55 - update1
------------
Id: null
Name: da
Coordinates: X = 1 and Y = 1.0
Date time: Mon Sep 04 20:56:08 MSK 2023
Area: 1
Population: 1
Meters above sea level: 1
Agglomeration: 1.0
Climate: TUNDRA
Standard of living: LOW
Governor: sa
2023-09-04 20:57:31 INFO  Server:57 - remove_lower_key
2023-09-04 20:57:33 INFO  Server:57 - remove_lower_key
2023-09-04 20:57:44 INFO  Server:57 - info
2023-09-04 20:58:06 INFO  Server:55 - insert1
------------
Id: null
Name: das
Coordinates: X = 1 and Y = 1.0
Date time: Mon Sep 04 20:58:06 MSK 2023
Area: 1
Population: 1
Meters above sea level: 11
Agglomeration: 1.0
Climate: TUNDRA
Standard of living: LOW
Governor: sa
2023-09-04 20:58:08 INFO  Server:57 - show
2023-09-04 20:58:11 INFO  Server:57 - info
2023-09-04 20:58:19 INFO  Server:57 - remove_lower_key
2023-09-04 20:58:22 INFO  Server:57 - remove_lower_key
2023-09-04 20:58:24 INFO  Server:57 - info
2023-09-04 20:58:39 INFO  Server:57 - filter_contains_name
2023-09-04 20:58:42 INFO  Server:57 - filter_contains_name
2023-09-04 21:00:27 INFO  Server:46 - Соединение открыто
2023-09-04 21:00:29 INFO  Server:58 - info 
2023-09-04 21:00:42 INFO  Server:55 - insert 3 
------------
Id: null
Name: sa
Coordinates: X = 1 and Y = 1.0
Date time: Mon Sep 04 21:00:42 MSK 2023
Area: 1
Population: 1
Meters above sea level: 1
Agglomeration: 1.0
Climate: TUNDRA
Standard of living: LOW
Governor: da
2023-09-04 21:00:42 INFO  Server:58 - insert 3
2023-09-04 21:01:00 INFO  Server:58 - remove_lower_key 3
2023-09-04 22:59:01 INFO  Server:46 - Соединение открыто
2023-09-04 22:59:13 INFO  Server:55 - insert 1 
------------
Id: null
Name: da
Coordinates: X = 1 and Y = 1.0
Date time: Mon Sep 04 22:59:13 MSK 2023
Area: 1
Population: 1
Meters above sea level: 1
Agglomeration: 1.0
Climate: TUNDRA
Standard of living: LOW
Governor: sa
2023-09-04 22:59:13 INFO  Server:58 - insert 1
2023-09-05 16:53:53 INFO  Server:46 - Соединение открыто
